<?xml version="1.0" encoding="UTF-8"?>
<coverage generated="1634394478351" clover="3.2.0">
  <project timestamp="1634394478351" name="All files">
    <metrics statements="64" coveredstatements="56" conditionals="19" coveredconditionals="13" methods="7" coveredmethods="7" elements="90" coveredelements="76" complexity="0" loc="64" ncloc="64" packages="1" files="1" classes="1"/>
    <file name="index.js" path="C:\Users\Lenovo\OneDrive\Desktop\Assignment\index.js">
      <metrics statements="64" coveredstatements="56" conditionals="19" coveredconditionals="13" methods="7" coveredmethods="7"/>
      <line num="3" count="27" type="stmt"/>
      <line num="4" count="27" type="stmt"/>
      <line num="10" count="7" type="stmt"/>
      <line num="11" count="7" type="stmt"/>
      <line num="16" count="27" type="stmt"/>
      <line num="18" count="27" type="cond" truecount="2" falsecount="0"/>
      <line num="19" count="7" type="stmt"/>
      <line num="21" count="20" type="stmt"/>
      <line num="22" count="20" type="stmt"/>
      <line num="23" count="27" type="stmt"/>
      <line num="25" count="20" type="stmt"/>
      <line num="27" count="27" type="stmt"/>
      <line num="32" count="2" type="cond" truecount="1" falsecount="1"/>
      <line num="33" count="0" type="stmt"/>
      <line num="35" count="2" type="stmt"/>
      <line num="36" count="2" type="stmt"/>
      <line num="37" count="2" type="stmt"/>
      <line num="38" count="11" type="stmt"/>
      <line num="39" count="11" type="stmt"/>
      <line num="40" count="11" type="stmt"/>
      <line num="42" count="2" type="stmt"/>
      <line num="43" count="2" type="stmt"/>
      <line num="49" count="1" type="cond" truecount="1" falsecount="1"/>
      <line num="50" count="0" type="stmt"/>
      <line num="51" count="0" type="stmt"/>
      <line num="53" count="1" type="stmt"/>
      <line num="54" count="1" type="stmt"/>
      <line num="60" count="2" type="cond" truecount="1" falsecount="1"/>
      <line num="61" count="0" type="stmt"/>
      <line num="63" count="2" type="cond" truecount="1" falsecount="1"/>
      <line num="64" count="0" type="stmt"/>
      <line num="66" count="2" type="stmt"/>
      <line num="67" count="2" type="stmt"/>
      <line num="68" count="2" type="stmt"/>
      <line num="69" count="10" type="cond" truecount="2" falsecount="0"/>
      <line num="70" count="2" type="stmt"/>
      <line num="71" count="2" type="stmt"/>
      <line num="73" count="8" type="stmt"/>
      <line num="74" count="8" type="stmt"/>
      <line num="81" count="2" type="cond" truecount="1" falsecount="1"/>
      <line num="82" count="0" type="stmt"/>
      <line num="84" count="2" type="cond" truecount="1" falsecount="1"/>
      <line num="85" count="0" type="stmt"/>
      <line num="87" count="2" type="stmt"/>
      <line num="88" count="2" type="stmt"/>
      <line num="89" count="2" type="stmt"/>
      <line num="90" count="9" type="cond" truecount="2" falsecount="0"/>
      <line num="91" count="2" type="stmt"/>
      <line num="92" count="2" type="stmt"/>
      <line num="93" count="0" type="stmt"/>
      <line num="95" count="7" type="stmt"/>
      <line num="96" count="7" type="stmt"/>
      <line num="102" count="1" type="stmt"/>
      <line num="104" count="1" type="stmt"/>
      <line num="105" count="1" type="stmt"/>
      <line num="106" count="1" type="stmt"/>
      <line num="107" count="1" type="stmt"/>
      <line num="108" count="1" type="stmt"/>
      <line num="109" count="1" type="stmt"/>
      <line num="110" count="1" type="stmt"/>
      <line num="111" count="1" type="stmt"/>
      <line num="112" count="1" type="stmt"/>
      <line num="113" count="1" type="stmt"/>
      <line num="114" count="1" type="stmt"/>
    </file>
  </project>
</coverage>
