{"C:\\Users\\Lenovo\\OneDrive\\Desktop\\Assignment\\index.js": {"path":"C:\\Users\\Lenovo\\OneDrive\\Desktop\\Assignment\\index.js","statementMap":{"0":{"start":{"line":3,"column":4},"end":{"line":3,"column":21}},"1":{"start":{"line":4,"column":4},"end":{"line":4,"column":21}},"2":{"start":{"line":10,"column":4},"end":{"line":10,"column":21}},"3":{"start":{"line":11,"column":4},"end":{"line":11,"column":22}},"4":{"start":{"line":16,"column":15},"end":{"line":16,"column":29}},"5":{"start":{"line":18,"column":4},"end":{"line":26,"column":5}},"6":{"start":{"line":19,"column":6},"end":{"line":19,"column":23}},"7":{"start":{"line":21,"column":6},"end":{"line":21,"column":30}},"8":{"start":{"line":22,"column":6},"end":{"line":24,"column":7}},"9":{"start":{"line":23,"column":8},"end":{"line":23,"column":39}},"10":{"start":{"line":25,"column":6},"end":{"line":25,"column":30}},"11":{"start":{"line":27,"column":4},"end":{"line":27,"column":23}},"12":{"start":{"line":32,"column":4},"end":{"line":44,"column":5}},"13":{"start":{"line":33,"column":6},"end":{"line":33,"column":49}},"14":{"start":{"line":35,"column":16},"end":{"line":35,"column":18}},"15":{"start":{"line":36,"column":24},"end":{"line":36,"column":33}},"16":{"start":{"line":37,"column":6},"end":{"line":41,"column":7}},"17":{"start":{"line":38,"column":8},"end":{"line":38,"column":38}},"18":{"start":{"line":39,"column":8},"end":{"line":39,"column":35}},"19":{"start":{"line":40,"column":8},"end":{"line":40,"column":39}},"20":{"start":{"line":42,"column":6},"end":{"line":42,"column":23}},"21":{"start":{"line":43,"column":6},"end":{"line":43,"column":17}},"22":{"start":{"line":49,"column":4},"end":{"line":55,"column":5}},"23":{"start":{"line":50,"column":6},"end":{"line":50,"column":49}},"24":{"start":{"line":51,"column":6},"end":{"line":51,"column":18}},"25":{"start":{"line":53,"column":6},"end":{"line":53,"column":33}},"26":{"start":{"line":54,"column":6},"end":{"line":54,"column":27}},"27":{"start":{"line":60,"column":4},"end":{"line":62,"column":5}},"28":{"start":{"line":61,"column":6},"end":{"line":61,"column":49}},"29":{"start":{"line":63,"column":4},"end":{"line":76,"column":5}},"30":{"start":{"line":64,"column":6},"end":{"line":64,"column":54}},"31":{"start":{"line":66,"column":18},"end":{"line":66,"column":19}},"32":{"start":{"line":67,"column":24},"end":{"line":67,"column":33}},"33":{"start":{"line":68,"column":6},"end":{"line":75,"column":7}},"34":{"start":{"line":69,"column":8},"end":{"line":72,"column":9}},"35":{"start":{"line":70,"column":10},"end":{"line":70,"column":40}},"36":{"start":{"line":71,"column":10},"end":{"line":71,"column":34}},"37":{"start":{"line":73,"column":8},"end":{"line":73,"column":39}},"38":{"start":{"line":74,"column":8},"end":{"line":74,"column":19}},"39":{"start":{"line":81,"column":4},"end":{"line":83,"column":5}},"40":{"start":{"line":82,"column":6},"end":{"line":82,"column":49}},"41":{"start":{"line":84,"column":4},"end":{"line":98,"column":5}},"42":{"start":{"line":85,"column":6},"end":{"line":85,"column":54}},"43":{"start":{"line":87,"column":24},"end":{"line":87,"column":33}},"44":{"start":{"line":88,"column":18},"end":{"line":88,"column":31}},"45":{"start":{"line":89,"column":6},"end":{"line":97,"column":7}},"46":{"start":{"line":90,"column":8},"end":{"line":94,"column":9}},"47":{"start":{"line":91,"column":10},"end":{"line":91,"column":40}},"48":{"start":{"line":92,"column":10},"end":{"line":92,"column":34}},"49":{"start":{"line":93,"column":10},"end":{"line":93,"column":16}},"50":{"start":{"line":95,"column":8},"end":{"line":95,"column":39}},"51":{"start":{"line":96,"column":8},"end":{"line":96,"column":19}},"52":{"start":{"line":102,"column":4},"end":{"line":104,"column":5}},"53":{"start":{"line":103,"column":6},"end":{"line":103,"column":49}},"54":{"start":{"line":105,"column":4},"end":{"line":120,"column":5}},"55":{"start":{"line":106,"column":6},"end":{"line":106,"column":54}},"56":{"start":{"line":109,"column":18},"end":{"line":109,"column":27}},"57":{"start":{"line":110,"column":19},"end":{"line":110,"column":28}},"58":{"start":{"line":111,"column":6},"end":{"line":113,"column":7}},"59":{"start":{"line":111,"column":19},"end":{"line":111,"column":20}},"60":{"start":{"line":112,"column":8},"end":{"line":112,"column":28}},"61":{"start":{"line":114,"column":6},"end":{"line":117,"column":7}},"62":{"start":{"line":115,"column":8},"end":{"line":115,"column":27}},"63":{"start":{"line":116,"column":8},"end":{"line":116,"column":29}},"64":{"start":{"line":118,"column":6},"end":{"line":118,"column":29}},"65":{"start":{"line":119,"column":6},"end":{"line":119,"column":23}},"66":{"start":{"line":124,"column":11},"end":{"line":124,"column":27}},"67":{"start":{"line":126,"column":0},"end":{"line":126,"column":22}},"68":{"start":{"line":127,"column":0},"end":{"line":127,"column":22}},"69":{"start":{"line":128,"column":0},"end":{"line":128,"column":22}},"70":{"start":{"line":129,"column":0},"end":{"line":129,"column":22}},"71":{"start":{"line":130,"column":0},"end":{"line":130,"column":22}},"72":{"start":{"line":131,"column":0},"end":{"line":131,"column":22}},"73":{"start":{"line":132,"column":0},"end":{"line":132,"column":22}},"74":{"start":{"line":139,"column":0},"end":{"line":139,"column":28}}},"fnMap":{"0":{"name":"(anonymous_0)","decl":{"start":{"line":2,"column":2},"end":{"line":2,"column":3}},"loc":{"start":{"line":2,"column":33},"end":{"line":5,"column":3}},"line":2},"1":{"name":"(anonymous_1)","decl":{"start":{"line":9,"column":2},"end":{"line":9,"column":3}},"loc":{"start":{"line":9,"column":16},"end":{"line":12,"column":3}},"line":9},"2":{"name":"(anonymous_2)","decl":{"start":{"line":15,"column":2},"end":{"line":15,"column":3}},"loc":{"start":{"line":15,"column":23},"end":{"line":28,"column":3}},"line":15},"3":{"name":"(anonymous_3)","decl":{"start":{"line":31,"column":2},"end":{"line":31,"column":3}},"loc":{"start":{"line":31,"column":22},"end":{"line":45,"column":3}},"line":31},"4":{"name":"(anonymous_4)","decl":{"start":{"line":48,"column":2},"end":{"line":48,"column":3}},"loc":{"start":{"line":48,"column":14},"end":{"line":56,"column":3}},"line":48},"5":{"name":"(anonymous_5)","decl":{"start":{"line":59,"column":2},"end":{"line":59,"column":3}},"loc":{"start":{"line":59,"column":38},"end":{"line":77,"column":3}},"line":59},"6":{"name":"(anonymous_6)","decl":{"start":{"line":80,"column":2},"end":{"line":80,"column":3}},"loc":{"start":{"line":80,"column":40},"end":{"line":99,"column":3}},"line":80},"7":{"name":"(anonymous_7)","decl":{"start":{"line":101,"column":2},"end":{"line":101,"column":3}},"loc":{"start":{"line":101,"column":36},"end":{"line":121,"column":3}},"line":101}},"branchMap":{"0":{"loc":{"start":{"line":2,"column":20},"end":{"line":2,"column":31}},"type":"default-arg","locations":[{"start":{"line":2,"column":27},"end":{"line":2,"column":31}}],"line":2},"1":{"loc":{"start":{"line":18,"column":4},"end":{"line":26,"column":5}},"type":"if","locations":[{"start":{"line":18,"column":4},"end":{"line":26,"column":5}},{"start":{"line":18,"column":4},"end":{"line":26,"column":5}}],"line":18},"2":{"loc":{"start":{"line":32,"column":4},"end":{"line":44,"column":5}},"type":"if","locations":[{"start":{"line":32,"column":4},"end":{"line":44,"column":5}},{"start":{"line":32,"column":4},"end":{"line":44,"column":5}}],"line":32},"3":{"loc":{"start":{"line":49,"column":4},"end":{"line":55,"column":5}},"type":"if","locations":[{"start":{"line":49,"column":4},"end":{"line":55,"column":5}},{"start":{"line":49,"column":4},"end":{"line":55,"column":5}}],"line":49},"4":{"loc":{"start":{"line":60,"column":4},"end":{"line":62,"column":5}},"type":"if","locations":[{"start":{"line":60,"column":4},"end":{"line":62,"column":5}},{"start":{"line":60,"column":4},"end":{"line":62,"column":5}}],"line":60},"5":{"loc":{"start":{"line":63,"column":4},"end":{"line":76,"column":5}},"type":"if","locations":[{"start":{"line":63,"column":4},"end":{"line":76,"column":5}},{"start":{"line":63,"column":4},"end":{"line":76,"column":5}}],"line":63},"6":{"loc":{"start":{"line":69,"column":8},"end":{"line":72,"column":9}},"type":"if","locations":[{"start":{"line":69,"column":8},"end":{"line":72,"column":9}},{"start":{"line":69,"column":8},"end":{"line":72,"column":9}}],"line":69},"7":{"loc":{"start":{"line":81,"column":4},"end":{"line":83,"column":5}},"type":"if","locations":[{"start":{"line":81,"column":4},"end":{"line":83,"column":5}},{"start":{"line":81,"column":4},"end":{"line":83,"column":5}}],"line":81},"8":{"loc":{"start":{"line":84,"column":4},"end":{"line":98,"column":5}},"type":"if","locations":[{"start":{"line":84,"column":4},"end":{"line":98,"column":5}},{"start":{"line":84,"column":4},"end":{"line":98,"column":5}}],"line":84},"9":{"loc":{"start":{"line":90,"column":8},"end":{"line":94,"column":9}},"type":"if","locations":[{"start":{"line":90,"column":8},"end":{"line":94,"column":9}},{"start":{"line":90,"column":8},"end":{"line":94,"column":9}}],"line":90},"10":{"loc":{"start":{"line":102,"column":4},"end":{"line":104,"column":5}},"type":"if","locations":[{"start":{"line":102,"column":4},"end":{"line":104,"column":5}},{"start":{"line":102,"column":4},"end":{"line":104,"column":5}}],"line":102},"11":{"loc":{"start":{"line":105,"column":4},"end":{"line":120,"column":5}},"type":"if","locations":[{"start":{"line":105,"column":4},"end":{"line":120,"column":5}},{"start":{"line":105,"column":4},"end":{"line":120,"column":5}}],"line":105}},"s":{"0":31,"1":31,"2":8,"3":8,"4":31,"5":31,"6":8,"7":23,"8":23,"9":30,"10":23,"11":31,"12":1,"13":0,"14":1,"15":1,"16":1,"17":4,"18":4,"19":4,"20":1,"21":1,"22":1,"23":0,"24":0,"25":1,"26":1,"27":1,"28":0,"29":1,"30":0,"31":1,"32":1,"33":1,"34":3,"35":1,"36":1,"37":2,"38":2,"39":1,"40":0,"41":1,"42":0,"43":1,"44":1,"45":1,"46":2,"47":1,"48":1,"49":0,"50":1,"51":1,"52":1,"53":0,"54":1,"55":0,"56":1,"57":1,"58":1,"59":1,"60":3,"61":1,"62":1,"63":1,"64":1,"65":1,"66":1,"67":1,"68":1,"69":1,"70":1,"71":1,"72":1,"73":1,"74":1},"f":{"0":31,"1":8,"2":31,"3":1,"4":1,"5":1,"6":1,"7":1},"b":{"0":[31],"1":[8,23],"2":[0,1],"3":[0,1],"4":[0,1],"5":[0,1],"6":[1,2],"7":[0,1],"8":[0,1],"9":[1,1],"10":[0,1],"11":[0,1]},"_coverageSchema":"1a1c01bbd47fc00a2c39e90264f33305004495a9","hash":"fc8831f5231d6d9a3a33820d61b8d815226377e6"}
}
