{"C:\\Users\\Lenovo\\OneDrive\\Desktop\\Assignment\\index.js": {"path":"C:\\Users\\Lenovo\\OneDrive\\Desktop\\Assignment\\index.js","statementMap":{"0":{"start":{"line":3,"column":4},"end":{"line":3,"column":21}},"1":{"start":{"line":4,"column":4},"end":{"line":4,"column":21}},"2":{"start":{"line":10,"column":4},"end":{"line":10,"column":21}},"3":{"start":{"line":11,"column":4},"end":{"line":11,"column":22}},"4":{"start":{"line":16,"column":15},"end":{"line":16,"column":29}},"5":{"start":{"line":18,"column":4},"end":{"line":26,"column":5}},"6":{"start":{"line":19,"column":6},"end":{"line":19,"column":23}},"7":{"start":{"line":21,"column":6},"end":{"line":21,"column":30}},"8":{"start":{"line":22,"column":6},"end":{"line":24,"column":7}},"9":{"start":{"line":23,"column":8},"end":{"line":23,"column":39}},"10":{"start":{"line":25,"column":6},"end":{"line":25,"column":30}},"11":{"start":{"line":27,"column":4},"end":{"line":27,"column":23}},"12":{"start":{"line":32,"column":4},"end":{"line":44,"column":5}},"13":{"start":{"line":33,"column":6},"end":{"line":33,"column":49}},"14":{"start":{"line":35,"column":18},"end":{"line":35,"column":20}},"15":{"start":{"line":36,"column":24},"end":{"line":36,"column":33}},"16":{"start":{"line":37,"column":6},"end":{"line":41,"column":7}},"17":{"start":{"line":38,"column":8},"end":{"line":38,"column":38}},"18":{"start":{"line":39,"column":8},"end":{"line":39,"column":34}},"19":{"start":{"line":40,"column":8},"end":{"line":40,"column":39}},"20":{"start":{"line":42,"column":6},"end":{"line":42,"column":23}},"21":{"start":{"line":43,"column":6},"end":{"line":43,"column":17}},"22":{"start":{"line":49,"column":4},"end":{"line":55,"column":5}},"23":{"start":{"line":50,"column":6},"end":{"line":50,"column":49}},"24":{"start":{"line":51,"column":6},"end":{"line":51,"column":18}},"25":{"start":{"line":53,"column":6},"end":{"line":53,"column":33}},"26":{"start":{"line":54,"column":6},"end":{"line":54,"column":26}},"27":{"start":{"line":60,"column":4},"end":{"line":62,"column":5}},"28":{"start":{"line":61,"column":6},"end":{"line":61,"column":49}},"29":{"start":{"line":63,"column":4},"end":{"line":76,"column":5}},"30":{"start":{"line":64,"column":6},"end":{"line":64,"column":54}},"31":{"start":{"line":66,"column":18},"end":{"line":66,"column":19}},"32":{"start":{"line":67,"column":24},"end":{"line":67,"column":33}},"33":{"start":{"line":68,"column":6},"end":{"line":75,"column":7}},"34":{"start":{"line":69,"column":8},"end":{"line":72,"column":9}},"35":{"start":{"line":70,"column":10},"end":{"line":70,"column":40}},"36":{"start":{"line":71,"column":10},"end":{"line":71,"column":34}},"37":{"start":{"line":73,"column":8},"end":{"line":73,"column":39}},"38":{"start":{"line":74,"column":8},"end":{"line":74,"column":19}},"39":{"start":{"line":81,"column":4},"end":{"line":83,"column":5}},"40":{"start":{"line":82,"column":6},"end":{"line":82,"column":49}},"41":{"start":{"line":84,"column":4},"end":{"line":98,"column":5}},"42":{"start":{"line":85,"column":6},"end":{"line":85,"column":54}},"43":{"start":{"line":87,"column":24},"end":{"line":87,"column":33}},"44":{"start":{"line":88,"column":18},"end":{"line":88,"column":31}},"45":{"start":{"line":89,"column":6},"end":{"line":97,"column":7}},"46":{"start":{"line":90,"column":8},"end":{"line":94,"column":9}},"47":{"start":{"line":91,"column":10},"end":{"line":91,"column":40}},"48":{"start":{"line":92,"column":10},"end":{"line":92,"column":34}},"49":{"start":{"line":93,"column":10},"end":{"line":93,"column":16}},"50":{"start":{"line":95,"column":8},"end":{"line":95,"column":39}},"51":{"start":{"line":96,"column":8},"end":{"line":96,"column":19}},"52":{"start":{"line":102,"column":11},"end":{"line":102,"column":27}},"53":{"start":{"line":104,"column":0},"end":{"line":104,"column":22}},"54":{"start":{"line":105,"column":0},"end":{"line":105,"column":22}},"55":{"start":{"line":106,"column":0},"end":{"line":106,"column":22}},"56":{"start":{"line":107,"column":0},"end":{"line":107,"column":22}},"57":{"start":{"line":108,"column":0},"end":{"line":108,"column":22}},"58":{"start":{"line":109,"column":0},"end":{"line":109,"column":22}},"59":{"start":{"line":110,"column":0},"end":{"line":110,"column":22}},"60":{"start":{"line":111,"column":0},"end":{"line":111,"column":31}},"61":{"start":{"line":112,"column":0},"end":{"line":112,"column":22}},"62":{"start":{"line":113,"column":0},"end":{"line":113,"column":33}},"63":{"start":{"line":114,"column":0},"end":{"line":114,"column":27}}},"fnMap":{"0":{"name":"(anonymous_0)","decl":{"start":{"line":2,"column":2},"end":{"line":2,"column":3}},"loc":{"start":{"line":2,"column":33},"end":{"line":5,"column":3}},"line":2},"1":{"name":"(anonymous_1)","decl":{"start":{"line":9,"column":2},"end":{"line":9,"column":3}},"loc":{"start":{"line":9,"column":16},"end":{"line":12,"column":3}},"line":9},"2":{"name":"(anonymous_2)","decl":{"start":{"line":15,"column":2},"end":{"line":15,"column":3}},"loc":{"start":{"line":15,"column":23},"end":{"line":28,"column":3}},"line":15},"3":{"name":"(anonymous_3)","decl":{"start":{"line":31,"column":2},"end":{"line":31,"column":3}},"loc":{"start":{"line":31,"column":22},"end":{"line":45,"column":3}},"line":31},"4":{"name":"(anonymous_4)","decl":{"start":{"line":48,"column":2},"end":{"line":48,"column":3}},"loc":{"start":{"line":48,"column":14},"end":{"line":56,"column":3}},"line":48},"5":{"name":"(anonymous_5)","decl":{"start":{"line":59,"column":2},"end":{"line":59,"column":3}},"loc":{"start":{"line":59,"column":38},"end":{"line":77,"column":3}},"line":59},"6":{"name":"(anonymous_6)","decl":{"start":{"line":80,"column":2},"end":{"line":80,"column":3}},"loc":{"start":{"line":80,"column":40},"end":{"line":99,"column":3}},"line":80}},"branchMap":{"0":{"loc":{"start":{"line":2,"column":20},"end":{"line":2,"column":31}},"type":"default-arg","locations":[{"start":{"line":2,"column":27},"end":{"line":2,"column":31}}],"line":2},"1":{"loc":{"start":{"line":18,"column":4},"end":{"line":26,"column":5}},"type":"if","locations":[{"start":{"line":18,"column":4},"end":{"line":26,"column":5}},{"start":{"line":18,"column":4},"end":{"line":26,"column":5}}],"line":18},"2":{"loc":{"start":{"line":32,"column":4},"end":{"line":44,"column":5}},"type":"if","locations":[{"start":{"line":32,"column":4},"end":{"line":44,"column":5}},{"start":{"line":32,"column":4},"end":{"line":44,"column":5}}],"line":32},"3":{"loc":{"start":{"line":49,"column":4},"end":{"line":55,"column":5}},"type":"if","locations":[{"start":{"line":49,"column":4},"end":{"line":55,"column":5}},{"start":{"line":49,"column":4},"end":{"line":55,"column":5}}],"line":49},"4":{"loc":{"start":{"line":60,"column":4},"end":{"line":62,"column":5}},"type":"if","locations":[{"start":{"line":60,"column":4},"end":{"line":62,"column":5}},{"start":{"line":60,"column":4},"end":{"line":62,"column":5}}],"line":60},"5":{"loc":{"start":{"line":63,"column":4},"end":{"line":76,"column":5}},"type":"if","locations":[{"start":{"line":63,"column":4},"end":{"line":76,"column":5}},{"start":{"line":63,"column":4},"end":{"line":76,"column":5}}],"line":63},"6":{"loc":{"start":{"line":69,"column":8},"end":{"line":72,"column":9}},"type":"if","locations":[{"start":{"line":69,"column":8},"end":{"line":72,"column":9}},{"start":{"line":69,"column":8},"end":{"line":72,"column":9}}],"line":69},"7":{"loc":{"start":{"line":81,"column":4},"end":{"line":83,"column":5}},"type":"if","locations":[{"start":{"line":81,"column":4},"end":{"line":83,"column":5}},{"start":{"line":81,"column":4},"end":{"line":83,"column":5}}],"line":81},"8":{"loc":{"start":{"line":84,"column":4},"end":{"line":98,"column":5}},"type":"if","locations":[{"start":{"line":84,"column":4},"end":{"line":98,"column":5}},{"start":{"line":84,"column":4},"end":{"line":98,"column":5}}],"line":84},"9":{"loc":{"start":{"line":90,"column":8},"end":{"line":94,"column":9}},"type":"if","locations":[{"start":{"line":90,"column":8},"end":{"line":94,"column":9}},{"start":{"line":90,"column":8},"end":{"line":94,"column":9}}],"line":90}},"s":{"0":27,"1":27,"2":7,"3":7,"4":27,"5":27,"6":7,"7":20,"8":20,"9":27,"10":20,"11":27,"12":2,"13":0,"14":2,"15":2,"16":2,"17":11,"18":11,"19":11,"20":2,"21":2,"22":1,"23":0,"24":0,"25":1,"26":1,"27":2,"28":0,"29":2,"30":0,"31":2,"32":2,"33":2,"34":10,"35":2,"36":2,"37":8,"38":8,"39":2,"40":0,"41":2,"42":0,"43":2,"44":2,"45":2,"46":9,"47":2,"48":2,"49":0,"50":7,"51":7,"52":1,"53":1,"54":1,"55":1,"56":1,"57":1,"58":1,"59":1,"60":1,"61":1,"62":1,"63":1},"f":{"0":27,"1":7,"2":27,"3":2,"4":1,"5":2,"6":2},"b":{"0":[27],"1":[7,20],"2":[0,2],"3":[0,1],"4":[0,2],"5":[0,2],"6":[2,8],"7":[0,2],"8":[0,2],"9":[2,7]},"_coverageSchema":"1a1c01bbd47fc00a2c39e90264f33305004495a9","hash":"9a43a9427391bec441fc5f3b1635d6e330235e6d"}
}
