TN:
SF:index.js
FN:2,(anonymous_0)
FN:9,(anonymous_1)
FN:15,(anonymous_2)
FN:31,(anonymous_3)
FN:48,(anonymous_4)
FN:59,(anonymous_5)
FN:80,(anonymous_6)
FNF:7
FNH:7
FNDA:27,(anonymous_0)
FNDA:7,(anonymous_1)
FNDA:27,(anonymous_2)
FNDA:2,(anonymous_3)
FNDA:1,(anonymous_4)
FNDA:2,(anonymous_5)
FNDA:2,(anonymous_6)
DA:3,27
DA:4,27
DA:10,7
DA:11,7
DA:16,27
DA:18,27
DA:19,7
DA:21,20
DA:22,20
DA:23,27
DA:25,20
DA:27,27
DA:32,2
DA:33,0
DA:35,2
DA:36,2
DA:37,2
DA:38,11
DA:39,11
DA:40,11
DA:42,2
DA:43,2
DA:49,1
DA:50,0
DA:51,0
DA:53,1
DA:54,1
DA:60,2
DA:61,0
DA:63,2
DA:64,0
DA:66,2
DA:67,2
DA:68,2
DA:69,10
DA:70,2
DA:71,2
DA:73,8
DA:74,8
DA:81,2
DA:82,0
DA:84,2
DA:85,0
DA:87,2
DA:88,2
DA:89,2
DA:90,9
DA:91,2
DA:92,2
DA:93,0
DA:95,7
DA:96,7
DA:102,1
DA:104,1
DA:105,1
DA:106,1
DA:107,1
DA:108,1
DA:109,1
DA:110,1
DA:111,1
DA:112,1
DA:113,1
DA:114,1
LF:64
LH:56
BRDA:2,0,0,27
BRDA:18,1,0,7
BRDA:18,1,1,20
BRDA:32,2,0,0
BRDA:32,2,1,2
BRDA:49,3,0,0
BRDA:49,3,1,1
BRDA:60,4,0,0
BRDA:60,4,1,2
BRDA:63,5,0,0
BRDA:63,5,1,2
BRDA:69,6,0,2
BRDA:69,6,1,8
BRDA:81,7,0,0
BRDA:81,7,1,2
BRDA:84,8,0,0
BRDA:84,8,1,2
BRDA:90,9,0,2
BRDA:90,9,1,7
BRF:19
BRH:13
end_of_record
