TN:
SF:index.js
FN:2,(anonymous_0)
FN:9,(anonymous_1)
FN:15,(anonymous_2)
FN:31,(anonymous_3)
FN:48,(anonymous_4)
FN:59,(anonymous_5)
FN:80,(anonymous_6)
FN:101,(anonymous_7)
FNF:8
FNH:8
FNDA:31,(anonymous_0)
FNDA:8,(anonymous_1)
FNDA:31,(anonymous_2)
FNDA:1,(anonymous_3)
FNDA:1,(anonymous_4)
FNDA:1,(anonymous_5)
FNDA:1,(anonymous_6)
FNDA:1,(anonymous_7)
DA:3,31
DA:4,31
DA:10,8
DA:11,8
DA:16,31
DA:18,31
DA:19,8
DA:21,23
DA:22,23
DA:23,30
DA:25,23
DA:27,31
DA:32,1
DA:33,0
DA:35,1
DA:36,1
DA:37,1
DA:38,4
DA:39,4
DA:40,4
DA:42,1
DA:43,1
DA:49,1
DA:50,0
DA:51,0
DA:53,1
DA:54,1
DA:60,1
DA:61,0
DA:63,1
DA:64,0
DA:66,1
DA:67,1
DA:68,1
DA:69,3
DA:70,1
DA:71,1
DA:73,2
DA:74,2
DA:81,1
DA:82,0
DA:84,1
DA:85,0
DA:87,1
DA:88,1
DA:89,1
DA:90,2
DA:91,1
DA:92,1
DA:93,0
DA:95,1
DA:96,1
DA:102,1
DA:103,0
DA:105,1
DA:106,0
DA:109,1
DA:110,1
DA:111,1
DA:112,3
DA:114,1
DA:115,1
DA:116,1
DA:118,1
DA:119,1
DA:124,1
DA:126,1
DA:127,1
DA:128,1
DA:129,1
DA:130,1
DA:131,1
DA:132,1
DA:139,1
LF:74
LH:64
BRDA:2,0,0,31
BRDA:18,1,0,8
BRDA:18,1,1,23
BRDA:32,2,0,0
BRDA:32,2,1,1
BRDA:49,3,0,0
BRDA:49,3,1,1
BRDA:60,4,0,0
BRDA:60,4,1,1
BRDA:63,5,0,0
BRDA:63,5,1,1
BRDA:69,6,0,1
BRDA:69,6,1,2
BRDA:81,7,0,0
BRDA:81,7,1,1
BRDA:84,8,0,0
BRDA:84,8,1,1
BRDA:90,9,0,1
BRDA:90,9,1,1
BRDA:102,10,0,0
BRDA:102,10,1,1
BRDA:105,11,0,0
BRDA:105,11,1,1
BRF:23
BRH:15
end_of_record
